<?xml version="1.0" encoding="UTF-8"?>
<!-- Generated by org.testng.reporters.JUnitReportReporter -->
<testsuite hostname="Rupinder-pc" failures="0" tests="5" name="parallel.ParallelRunnerTestNG" time="222.379" errors="0" timestamp="2021-04-25T23:40:55 EDT" skipped="1">
  <testcase classname="parallel.ParallelRunnerTestNG" name="runScenario" time="23.042">
    <skipped/>
  </testcase> <!-- runScenario -->
  <system-out/>
  <testcase classname="parallel.ParallelRunnerTestNG" name="runScenario" time="49.823"/>
  <system-out/>
  <testcase classname="parallel.ParallelRunnerTestNG" name="runScenario" time="49.735"/>
  <system-out/>
  <testcase classname="parallel.ParallelRunnerTestNG" name="runScenario" time="49.912"/>
  <system-out/>
  <testcase classname="parallel.ParallelRunnerTestNG" name="runScenario" time="49.867"/>
  <system-out/>
</testsuite> <!-- parallel.ParallelRunnerTestNG -->
