<?xml version="1.0" encoding="UTF-8"?>
<!-- Generated by org.testng.reporters.JUnitReportReporter -->
<testsuite hostname="Rupinder-pc" failures="0" tests="3" name="parallel.ParallelRunnerTestNG" time="25.821" errors="0" timestamp="2021-05-04T10:24:42 EDT" skipped="2">
  <testcase classname="parallel.ParallelRunnerTestNG" name="runScenario" time="10.166"/>
  <system-out/>
  <testcase classname="parallel.ParallelRunnerTestNG" name="runScenario" time="7.842">
    <skipped/>
  </testcase> <!-- runScenario -->
  <system-out/>
  <testcase classname="parallel.ParallelRunnerTestNG" name="runScenario" time="7.813">
    <skipped/>
  </testcase> <!-- runScenario -->
  <system-out/>
</testsuite> <!-- parallel.ParallelRunnerTestNG -->
